<?xml version="1.0" encoding="UTF-8" ?>
<testsuite errors="0" failures="0" hostname="Jamies-MacBook-Air-2.local" name="com.flatironschool.javacs.WikiCrawlerTest" skipped="0" tests="1" time="3.738" timestamp="2016-07-10T04:30:22">
  <properties>
    <property name="java.vendor" value="Oracle Corporation" />
    <property name="env.JAVA_MAIN_CLASS_69203" value="org.apache.tools.ant.launch.Launcher" />
    <property name="sun.java.launcher" value="SUN_STANDARD" />
    <property name="env.XPC_SERVICE_NAME" value="0" />
    <property name="sun.management.compiler" value="HotSpot 64-Bit Tiered Compilers" />
    <property name="env.SECURITYSESSIONID" value="186a7" />
    <property name="env.COLORFGBG" value="7;0" />
    <property name="os.name" value="Mac OS X" />
    <property name="sun.boot.class.path" value="/Library/Java/JavaVirtualMachines/jdk1.8.0_74.jdk/Contents/Home/jre/lib/resources.jar:/Library/Java/JavaVirtualMachines/jdk1.8.0_74.jdk/Contents/Home/jre/lib/rt.jar:/Library/Java/JavaVirtualMachines/jdk1.8.0_74.jdk/Contents/Home/jre/lib/sunrsasign.jar:/Library/Java/JavaVirtualMachines/jdk1.8.0_74.jdk/Contents/Home/jre/lib/jsse.jar:/Library/Java/JavaVirtualMachines/jdk1.8.0_74.jdk/Contents/Home/jre/lib/jce.jar:/Library/Java/JavaVirtualMachines/jdk1.8.0_74.jdk/Contents/Home/jre/lib/charsets.jar:/Library/Java/JavaVirtualMachines/jdk1.8.0_74.jdk/Contents/Home/jre/lib/jfr.jar:/Library/Java/JavaVirtualMachines/jdk1.8.0_74.jdk/Contents/Home/jre/classes" />
    <property name="env.TMPDIR" value="/var/folders/f8/2703g_yx28jbyw1y840xxj800000gn/T/" />
    <property name="env.PWD" value="/Users/jamiehand/develop/CodeU/cs-application-crawling-lab-codeU/javacs-lab11" />
    <property name="env.LANG" value="en_US.UTF-8" />
    <property name="java.vm.specification.vendor" value="Oracle Corporation" />
    <property name="ant.home" value="/usr/local/Cellar/ant/1.9.7/libexec" />
    <property name="java.runtime.version" value="1.8.0_74-b02" />
    <property name="env.Apple_PubSub_Socket_Render" value="/private/tmp/com.apple.launchd.8NADPUbk59/Render" />
    <property name="user.name" value="jamiehand" />
    <property name="env.USER" value="jamiehand" />
    <property name="env.SHELL" value="/bin/bash" />
    <property name="env.__CF_USER_TEXT_ENCODING" value="0x1F5:0x0:0x0" />
    <property name="env.PATH" value="/Users/jamiehand/miniconda3/bin:/Users/jamiehand/anaconda/bin:/Library/Frameworks/Python.framework/Versions/2.7/bin:/Library/Frameworks/Python.framework/Versions/3.5/bin:/Users/jamiehand/.rbenv/shims:/usr/local/bin:/usr/local/sbin:/usr/local/mysql/bin:/usr/local/share/npm/bin:/usr/local/bin:/usr/bin:/bin:/usr/sbin:/sbin:/usr/texbin:/Applications/Postgres.app/Contents/Versions/latest/bin" />
    <property name="user.language" value="en" />
    <property name="sun.boot.library.path" value="/Library/Java/JavaVirtualMachines/jdk1.8.0_74.jdk/Contents/Home/jre/lib" />
    <property name="ant.project.default-target" value="build" />
    <property name="env.XPC_FLAGS" value="0x0" />
    <property name="ant.project.name" value="JavaCS" />
    <property name="java.version" value="1.8.0_74" />
    <property name="user.timezone" value="" />
    <property name="sun.arch.data.model" value="64" />
    <property name="http.nonProxyHosts" value="local|*.local|169.254/16|*.169.254/16" />
    <property name="java.endorsed.dirs" value="/Library/Java/JavaVirtualMachines/jdk1.8.0_74.jdk/Contents/Home/jre/lib/endorsed" />
    <property name="sun.cpu.isalist" value="" />
    <property name="sun.jnu.encoding" value="UTF-8" />
    <property name="env.ITERM_SESSION_ID" value="w0t0p1:A991DE3D-5B57-413A-8917-7AA0EC309179" />
    <property name="file.encoding.pkg" value="sun.io" />
    <property name="env.SHLVL" value="2" />
    <property name="file.separator" value="/" />
    <property name="java.specification.name" value="Java Platform API Specification" />
    <property name="java.class.version" value="52.0" />
    <property name="user.country" value="US" />
    <property name="ant.file.JavaCS" value="/Users/jamiehand/develop/CodeU/cs-application-crawling-lab-codeU/javacs-lab11/build.xml" />
    <property name="java.home" value="/Library/Java/JavaVirtualMachines/jdk1.8.0_74.jdk/Contents/Home/jre" />
    <property name="java.vm.info" value="mixed mode" />
    <property name="env.LOGNAME" value="jamiehand" />
    <property name="ant.file" value="/Users/jamiehand/develop/CodeU/cs-application-crawling-lab-codeU/javacs-lab11/build.xml" />
    <property name="os.version" value="10.11.5" />
    <property name="env.TERM_PROGRAM_VERSION" value="3.0.4" />
    <property name="path.separator" value=":" />
    <property name="java.vm.version" value="25.74-b02" />
    <property name="ant.library.dir" value="/usr/local/Cellar/ant/1.9.7/libexec/lib" />
    <property name="junit.output.dir" value="junit" />
    <property name="java.awt.printerjob" value="sun.lwawt.macosx.CPrinterJob" />
    <property name="env.TERM" value="xterm-256color" />
    <property name="sun.io.unicode.encoding" value="UnicodeBig" />
    <property name="awt.toolkit" value="sun.lwawt.macosx.LWCToolkit" />
    <property name="socksNonProxyHosts" value="local|*.local|169.254/16|*.169.254/16" />
    <property name="ftp.nonProxyHosts" value="local|*.local|169.254/16|*.169.254/16" />
    <property name="user.home" value="/Users/jamiehand" />
    <property name="target" value="1.7" />
    <property name="java.specification.vendor" value="Oracle Corporation" />
    <property name="env.TERM_PROGRAM" value="iTerm.app" />
    <property name="java.library.path" value="/Users/jamiehand/Library/Java/Extensions:/Library/Java/Extensions:/Network/Library/Java/Extensions:/System/Library/Java/Extensions:/usr/lib/java:." />
    <property name="java.vendor.url" value="http://java.oracle.com/" />
    <property name="java.vm.vendor" value="Oracle Corporation" />
    <property name="gopherProxySet" value="false" />
    <property name="java.runtime.name" value="Java(TM) SE Runtime Environment" />
    <property name="sun.java.command" value="org.apache.tools.ant.taskdefs.optional.junit.JUnitTestRunner com.flatironschool.javacs.WikiCrawlerTest skipNonTests=false filtertrace=true haltOnError=false haltOnFailure=false formatter=org.apache.tools.ant.taskdefs.optional.junit.OutErrSummaryJUnitResultFormatter showoutput=false outputtoformatters=true logfailedtests=true threadid=0 logtestlistenerevents=false formatter=org.apache.tools.ant.taskdefs.optional.junit.XMLJUnitResultFormatter,/Users/jamiehand/develop/CodeU/cs-application-crawling-lab-codeU/javacs-lab11/junit/TEST-com.flatironschool.javacs.WikiCrawlerTest.xml formatter=org.apache.tools.ant.taskdefs.optional.junit.PlainJUnitResultFormatter crashfile=/Users/jamiehand/develop/CodeU/cs-application-crawling-lab-codeU/javacs-lab11/junitvmwatcher4390138934848127742.properties propsfile=/Users/jamiehand/develop/CodeU/cs-application-crawling-lab-codeU/javacs-lab11/junit8263186073073528251.properties" />
    <property name="java.class.path" value="/Users/jamiehand/develop/CodeU/cs-application-crawling-lab-codeU/javacs-lab11/bin:/Users/jamiehand/develop/CodeU/cs-application-crawling-lab-codeU/javacs-lab11/lib/jedis-2.8.0.jar:/Users/jamiehand/develop/CodeU/cs-application-crawling-lab-codeU/javacs-lab11/lib/jsoup-1.8.3.jar:/Users/jamiehand/develop/CodeU/cs-application-crawling-lab-codeU/javacs-lab11/lib/junit-4.12.jar:/Users/jamiehand/develop/CodeU/cs-application-crawling-lab-codeU/javacs-lab11/lib/hamcrest-core-1.3.jar:/Users/jamiehand/develop/CodeU/cs-application-crawling-lab-codeU/javacs-lab11/lib/hamcrest-library-1.3.jar:/usr/local/Cellar/ant/1.9.7/libexec/lib/ant-launcher.jar:/usr/local/Cellar/ant/1.9.7/libexec/lib/ant.jar:/usr/local/Cellar/ant/1.9.7/libexec/lib/ant-junit.jar:/usr/local/Cellar/ant/1.9.7/libexec/lib/ant-junit4.jar" />
    <property name="ant.version" value="Apache Ant(TM) version 1.9.7 compiled on April 9 2016" />
    <property name="env.TERM_SESSION_ID" value="w0t0p1:A991DE3D-5B57-413A-8917-7AA0EC309179" />
    <property name="ant.file.type.JavaCS" value="file" />
    <property name="java.vm.specification.name" value="Java Virtual Machine Specification" />
    <property name="ant.file.type" value="file" />
    <property name="env.RBENV_SHELL" value="bash" />
    <property name="java.vm.specification.version" value="1.8" />
    <property name="sun.cpu.endian" value="little" />
    <property name="sun.os.patch.level" value="unknown" />
    <property name="env.HOME" value="/Users/jamiehand" />
    <property name="debuglevel" value="source,lines,vars" />
    <property name="java.io.tmpdir" value="/var/folders/f8/2703g_yx28jbyw1y840xxj800000gn/T/" />
    <property name="java.vendor.url.bug" value="http://bugreport.sun.com/bugreport/" />
    <property name="env.SSH_AUTH_SOCK" value="/private/tmp/com.apple.launchd.uCFHRhZXhw/Listeners" />
    <property name="env.COMMAND_MODE" value="unix2003" />
    <property name="java.awt.graphicsenv" value="sun.awt.CGraphicsEnvironment" />
    <property name="os.arch" value="x86_64" />
    <property name="java.ext.dirs" value="/Users/jamiehand/Library/Java/Extensions:/Library/Java/JavaVirtualMachines/jdk1.8.0_74.jdk/Contents/Home/jre/lib/ext:/Library/Java/Extensions:/Network/Library/Java/Extensions:/System/Library/Java/Extensions:/usr/lib/java" />
    <property name="user.dir" value="/Users/jamiehand/develop/CodeU/cs-application-crawling-lab-codeU/javacs-lab11" />
    <property name="line.separator" value="&#xa;" />
    <property name="java.vm.name" value="Java HotSpot(TM) 64-Bit Server VM" />
    <property name="basedir" value="/Users/jamiehand/develop/CodeU/cs-application-crawling-lab-codeU/javacs-lab11" />
    <property name="env.ITERM_PROFILE" value="Default" />
    <property name="ant.java.version" value="1.8" />
    <property name="ant.core.lib" value="/usr/local/Cellar/ant/1.9.7/libexec/lib/ant.jar" />
    <property name="source" value="1.7" />
    <property name="file.encoding" value="UTF-8" />
    <property name="java.specification.version" value="1.8" />
    <property name="ant.project.invoked-targets" value="test" />
  </properties>
  <testcase classname="com.flatironschool.javacs.WikiCrawlerTest" name="testCrawl" time="3.314" />
  <system-out><![CDATA[a
href: /wiki/Programming_language
offering link: https://en.wikipedia.org/wiki/Programming_language
a
href: /wiki/Concurrent_computing
offering link: https://en.wikipedia.org/wiki/Concurrent_computing
a
href: /wiki/Class-based_programming
offering link: https://en.wikipedia.org/wiki/Class-based_programming
a
href: /wiki/Object-oriented_programming
offering link: https://en.wikipedia.org/wiki/Object-oriented_programming
a
a
href: /wiki/Write_once,_run_anywhere
offering link: https://en.wikipedia.org/wiki/Write_once,_run_anywhere
a
a
href: /wiki/Compiler
offering link: https://en.wikipedia.org/wiki/Compiler
a
a
href: /wiki/Java_bytecode
offering link: https://en.wikipedia.org/wiki/Java_bytecode
a
href: /wiki/Java_virtual_machine
offering link: https://en.wikipedia.org/wiki/Java_virtual_machine
a
href: /wiki/Computer_architecture
offering link: https://en.wikipedia.org/wiki/Computer_architecture
a
href: /wiki/Measuring_programming_language_popularity
offering link: https://en.wikipedia.org/wiki/Measuring_programming_language_popularity
a
a
a
a
a
href: /wiki/Wikipedia:Citation_needed
offering link: https://en.wikipedia.org/wiki/Wikipedia:Citation_needed
a
href: /wiki/James_Gosling
offering link: https://en.wikipedia.org/wiki/James_Gosling
a
href: /wiki/Sun_Microsystems
offering link: https://en.wikipedia.org/wiki/Sun_Microsystems
a
href: /wiki/Sun_acquisition_by_Oracle
offering link: https://en.wikipedia.org/wiki/Sun_acquisition_by_Oracle
a
href: /wiki/Java_(software_platform)
offering link: https://en.wikipedia.org/wiki/Java_(software_platform)
a
href: /wiki/Syntax_(programming_languages)
offering link: https://en.wikipedia.org/wiki/Syntax_(programming_languages)
a
href: /wiki/C_(programming_language)
offering link: https://en.wikipedia.org/wiki/C_(programming_language)
a
href: /wiki/C%2B%2B
offering link: https://en.wikipedia.org/wiki/C%2B%2B
a
href: /wiki/Low-level_programming_language
offering link: https://en.wikipedia.org/wiki/Low-level_programming_language
a
href: /wiki/Reference_implementation
offering link: https://en.wikipedia.org/wiki/Reference_implementation
a
href: /wiki/Compiler
offering link: https://en.wikipedia.org/wiki/Compiler
a
href: /wiki/Library_(computing)
offering link: https://en.wikipedia.org/wiki/Library_(computing)
a
href: /wiki/Java_Community_Process
offering link: https://en.wikipedia.org/wiki/Java_Community_Process
a
href: /wiki/GNU_General_Public_License
offering link: https://en.wikipedia.org/wiki/GNU_General_Public_License
a
href: /wiki/GNU_Compiler_for_Java
offering link: https://en.wikipedia.org/wiki/GNU_Compiler_for_Java
a
href: /wiki/GNU_Classpath
offering link: https://en.wikipedia.org/wiki/GNU_Classpath
a
href: /wiki/IcedTea
offering link: https://en.wikipedia.org/wiki/IcedTea
a
href: /wiki/James_Gosling
offering link: https://en.wikipedia.org/wiki/James_Gosling
a
href: /wiki/Patrick_Naughton
offering link: https://en.wikipedia.org/wiki/Patrick_Naughton
a
a
a
href: /wiki/Oak_(programming_language)
offering link: https://en.wikipedia.org/wiki/Oak_(programming_language)
a
href: /wiki/Oak
offering link: https://en.wikipedia.org/wiki/Oak
a
href: /wiki/Java_coffee
offering link: https://en.wikipedia.org/wiki/Java_coffee
a
a
a
href: /wiki/Sun_Microsystems
offering link: https://en.wikipedia.org/wiki/Sun_Microsystems
a
a
href: /wiki/Computing_platform
offering link: https://en.wikipedia.org/wiki/Computing_platform
a
href: /wiki/Web_browser
offering link: https://en.wikipedia.org/wiki/Web_browser
a
href: /wiki/Java_applet
offering link: https://en.wikipedia.org/wiki/Java_applet
a
href: /wiki/Bootstrapping_(compilers)
offering link: https://en.wikipedia.org/wiki/Bootstrapping_(compilers)
a
href: /wiki/Arthur_van_Hoff
offering link: https://en.wikipedia.org/wiki/Arthur_van_Hoff
a
a
href: /wiki/Java_Platform,_Enterprise_Edition
offering link: https://en.wikipedia.org/wiki/Java_Platform,_Enterprise_Edition
a
href: /wiki/Java_Platform,_Micro_Edition
offering link: https://en.wikipedia.org/wiki/Java_Platform,_Micro_Edition
a
href: /wiki/Java_Platform,_Standard_Edition
offering link: https://en.wikipedia.org/wiki/Java_Platform,_Standard_Edition
a
href: /wiki/ISO/IEC_JTC_1
offering link: https://en.wikipedia.org/wiki/ISO/IEC_JTC_1
a
href: /wiki/Ecma_International
offering link: https://en.wikipedia.org/wiki/Ecma_International
a
a
a
a
href: /wiki/De_facto_standard
offering link: https://en.wikipedia.org/wiki/De_facto_standard
a
href: /wiki/Java_Community_Process
offering link: https://en.wikipedia.org/wiki/Java_Community_Process
a
a
href: /wiki/Proprietary_software
offering link: https://en.wikipedia.org/wiki/Proprietary_software
a
href: /wiki/Free_and_open-source_software
offering link: https://en.wikipedia.org/wiki/Free_and_open-source_software
a
href: /wiki/GNU_General_Public_License
offering link: https://en.wikipedia.org/wiki/GNU_General_Public_License
a
href: /wiki/Free_software
offering link: https://en.wikipedia.org/wiki/Free_software
a
a
a
href: /wiki/Oracle_Corporation
offering link: https://en.wikipedia.org/wiki/Oracle_Corporation
a
a
href: /wiki/Laptop
offering link: https://en.wikipedia.org/wiki/Laptop
a
href: /wiki/Data_center
offering link: https://en.wikipedia.org/wiki/Data_center
a
href: /wiki/Video_game_console
offering link: https://en.wikipedia.org/wiki/Video_game_console
a
href: /wiki/Supercomputer
offering link: https://en.wikipedia.org/wiki/Supercomputer
a
a
a
a
a
href: /wiki/Java_bytecode
offering link: https://en.wikipedia.org/wiki/Java_bytecode
a
href: /wiki/Machine_code
offering link: https://en.wikipedia.org/wiki/Machine_code
a
href: /wiki/Virtual_machine
offering link: https://en.wikipedia.org/wiki/Virtual_machine
a
href: /wiki/End_user
offering link: https://en.wikipedia.org/wiki/End_user
a
href: /wiki/Java_virtual_machine
offering link: https://en.wikipedia.org/wiki/Java_virtual_machine
a
href: /wiki/Applet
offering link: https://en.wikipedia.org/wiki/Applet
a
href: /wiki/Thread_(computing)
offering link: https://en.wikipedia.org/wiki/Thread_(computing)
a
href: /wiki/Computer_network
offering link: https://en.wikipedia.org/wiki/Computer_network
a
href: /wiki/Executable
offering link: https://en.wikipedia.org/wiki/Executable
a
href: /wiki/Just-in-time_compilation
offering link: https://en.wikipedia.org/wiki/Just-in-time_compilation
a
href: /wiki/Java_virtual_machine
offering link: https://en.wikipedia.org/wiki/Java_virtual_machine
a
href: /wiki/Java_bytecode
offering link: https://en.wikipedia.org/wiki/Java_bytecode
a
a
href: /wiki/Oracle_Corporation
offering link: https://en.wikipedia.org/wiki/Oracle_Corporation
a
href: /wiki/Sun_Microsystems
offering link: https://en.wikipedia.org/wiki/Sun_Microsystems
a
href: /wiki/Microsoft_Windows
offering link: https://en.wikipedia.org/wiki/Microsoft_Windows
a
href: /wiki/OS_X
offering link: https://en.wikipedia.org/wiki/OS_X
a
href: /wiki/Linux
offering link: https://en.wikipedia.org/wiki/Linux
a
href: /wiki/Solaris_(operating_system)
offering link: https://en.wikipedia.org/wiki/Solaris_(operating_system)
a
href: /wiki/Ecma_International
offering link: https://en.wikipedia.org/wiki/Ecma_International
a
href: /wiki/De_facto_standard
offering link: https://en.wikipedia.org/wiki/De_facto_standard
a
href: /wiki/Java_Development_Kit
offering link: https://en.wikipedia.org/wiki/Java_Development_Kit
a
href: /wiki/Java_compiler
offering link: https://en.wikipedia.org/wiki/Java_compiler
a
href: /wiki/Javadoc
offering link: https://en.wikipedia.org/wiki/Javadoc
a
href: /wiki/JAR_(file_format)
offering link: https://en.wikipedia.org/wiki/JAR_(file_format)
a
href: /wiki/Debugger
offering link: https://en.wikipedia.org/wiki/Debugger
a
href: /wiki/OpenJDK
offering link: https://en.wikipedia.org/wiki/OpenJDK
a
href: /wiki/Microsoft
offering link: https://en.wikipedia.org/wiki/Microsoft
a
href: /wiki/Java_remote_method_invocation
offering link: https://en.wikipedia.org/wiki/Java_remote_method_invocation
a
href: /wiki/Java_Native_Interface
offering link: https://en.wikipedia.org/wiki/Java_Native_Interface
a
a
href: /wiki/Microsoft_Windows
offering link: https://en.wikipedia.org/wiki/Microsoft_Windows
a
href: /wiki/Java_Platform,_Enterprise_Edition
offering link: https://en.wikipedia.org/wiki/Java_Platform,_Enterprise_Edition
a
a
a
href: /wiki/Just-in-time_compilation
offering link: https://en.wikipedia.org/wiki/Just-in-time_compilation
a
href: /wiki/Java_version_history
offering link: https://en.wikipedia.org/wiki/Java_version_history
a
a
href: /wiki/HotSpot
offering link: https://en.wikipedia.org/wiki/HotSpot
a
href: /wiki/ARM_architecture
offering link: https://en.wikipedia.org/wiki/ARM_architecture
a
href: /wiki/Jazelle
offering link: https://en.wikipedia.org/wiki/Jazelle
a
href: /wiki/Garbage_collection_(computer_science)
offering link: https://en.wikipedia.org/wiki/Garbage_collection_(computer_science)
a
href: /wiki/Object_lifetime
offering link: https://en.wikipedia.org/wiki/Object_lifetime
a
href: /wiki/Unreachable_memory
offering link: https://en.wikipedia.org/wiki/Unreachable_memory
a
href: /wiki/Memory_leak
offering link: https://en.wikipedia.org/wiki/Memory_leak
a
a
a
href: /wiki/Stack_(abstract_data_type)
offering link: https://en.wikipedia.org/wiki/Stack_(abstract_data_type)
a
href: /wiki/Memory_management#DYNAMIC
offering link: https://en.wikipedia.org/wiki/Memory_management#DYNAMIC
a
href: /wiki/Memory_leak
offering link: https://en.wikipedia.org/wiki/Memory_leak
a
href: /wiki/Smart_pointer
offering link: https://en.wikipedia.org/wiki/Smart_pointer
a
href: /wiki/Pointer_(computer_programming)
offering link: https://en.wikipedia.org/wiki/Pointer_(computer_programming)
a
href: /wiki/Primitive_data_type
offering link: https://en.wikipedia.org/wiki/Primitive_data_type
a
href: /wiki/Stack-based_memory_allocation
offering link: https://en.wikipedia.org/wiki/Stack-based_memory_allocation
a
href: /wiki/Escape_analysis
offering link: https://en.wikipedia.org/wiki/Escape_analysis
a
href: /wiki/Wikipedia:Citation_needed
offering link: https://en.wikipedia.org/wiki/Wikipedia:Citation_needed
a
a
href: /wiki/Concurrent_mark_sweep_collector
offering link: https://en.wikipedia.org/wiki/Concurrent_mark_sweep_collector
a
a
a
href: /wiki/C%2B%2B
offering link: https://en.wikipedia.org/wiki/C%2B%2B
a
a
href: /wiki/Boolean_data_type
offering link: https://en.wikipedia.org/wiki/Boolean_data_type
a
href: /wiki/Operator_overloading
offering link: https://en.wikipedia.org/wiki/Operator_overloading
a
a
href: /wiki/Multiple_inheritance
offering link: https://en.wikipedia.org/wiki/Multiple_inheritance
a
href: /wiki/Interface_(Java)
offering link: https://en.wikipedia.org/wiki/Interface_(Java)
a
a
href: /wiki/Anti-pattern
offering link: https://en.wikipedia.org/wiki/Anti-pattern
a
href: /wiki/Javadoc
offering link: https://en.wikipedia.org/wiki/Javadoc
a
href: /wiki/%22Hello,_world!%22_program
offering link: https://en.wikipedia.org/wiki/%22Hello,_world!%22_program
a
a
href: /wiki/Java_compiler
offering link: https://en.wikipedia.org/wiki/Java_compiler
a
href: /wiki/Inner_class
offering link: https://en.wikipedia.org/wiki/Inner_class
a
href: /wiki/Class_(computer_programming)#Unnamed
offering link: https://en.wikipedia.org/wiki/Class_(computer_programming)#Unnamed
a
href: /wiki/List_of_Java_keywords
offering link: https://en.wikipedia.org/wiki/List_of_Java_keywords
a
href: /wiki/Method_(computer_programming)#Static_methods
offering link: https://en.wikipedia.org/wiki/Method_(computer_programming)#Static_methods
a
href: /wiki/Enterprise_JavaBeans
offering link: https://en.wikipedia.org/wiki/Enterprise_JavaBeans
a
href: /wiki/Array_data_type
offering link: https://en.wikipedia.org/wiki/Array_data_type
a
a
href: /wiki/Variadic_function
offering link: https://en.wikipedia.org/wiki/Variadic_function
a
href: /wiki/JAR_(file_format)
offering link: https://en.wikipedia.org/wiki/JAR_(file_format)
a
href: /wiki/Array_data_type
offering link: https://en.wikipedia.org/wiki/Array_data_type
a
a
href: /wiki/Command-line_interface
offering link: https://en.wikipedia.org/wiki/Command-line_interface
a
a
a
a
href: /wiki/Standard_streams
offering link: https://en.wikipedia.org/wiki/Standard_streams
a
a
href: /wiki/Java_compiler
offering link: https://en.wikipedia.org/wiki/Java_compiler
a
a
a
href: /wiki/Source_code
offering link: https://en.wikipedia.org/wiki/Source_code
a
href: /wiki/Inheritance_(object-oriented_programming)#Subclasses_and_superclasses
offering link: https://en.wikipedia.org/wiki/Inheritance_(object-oriented_programming)#Subclasses_and_superclasses
a
href: /wiki/Object_lifetime
offering link: https://en.wikipedia.org/wiki/Object_lifetime
a
href: /wiki/Graphical_user_interface
offering link: https://en.wikipedia.org/wiki/Graphical_user_interface
a
href: /wiki/Event-driven_programming
offering link: https://en.wikipedia.org/wiki/Event-driven_programming
a
href: /wiki/Method_overriding
offering link: https://en.wikipedia.org/wiki/Method_overriding
a
a
href: /wiki/Java_annotation
offering link: https://en.wikipedia.org/wiki/Java_annotation
a
a
href: /wiki/Inheritance_(object-oriented_programming)#Subclasses_and_superclasses
offering link: https://en.wikipedia.org/wiki/Inheritance_(object-oriented_programming)#Subclasses_and_superclasses
a
a
href: /wiki/Pixel
offering link: https://en.wikipedia.org/wiki/Pixel
a
href: /wiki/HTML
offering link: https://en.wikipedia.org/wiki/HTML
a
href: /wiki/HTML_element
offering link: https://en.wikipedia.org/wiki/HTML_element
a
a
a
a
href: /wiki/Event_dispatching_thread
offering link: https://en.wikipedia.org/wiki/Event_dispatching_thread
a
href: /wiki/Java_Servlet
offering link: https://en.wikipedia.org/wiki/Java_Servlet
a
href: /wiki/Server-side
offering link: https://en.wikipedia.org/wiki/Server-side
a
href: /wiki/HTML
offering link: https://en.wikipedia.org/wiki/HTML
a
href: /wiki/Hypertext_Transfer_Protocol
offering link: https://en.wikipedia.org/wiki/Hypertext_Transfer_Protocol
a
href: /wiki/Client_(computing)
offering link: https://en.wikipedia.org/wiki/Client_(computing)
a
href: /wiki/Interface_(Java)
offering link: https://en.wikipedia.org/wiki/Interface_(Java)
a
a
a
a
href: /wiki/Server_(computing)
offering link: https://en.wikipedia.org/wiki/Server_(computing)
a
a
a
href: /wiki/Interface_(Java)
offering link: https://en.wikipedia.org/wiki/Interface_(Java)
a
a
a
href: /wiki/Exception_handling
offering link: https://en.wikipedia.org/wiki/Exception_handling
a
a
a
a
href: /wiki/MIME
offering link: https://en.wikipedia.org/wiki/MIME
a
a
a
a
a
href: /wiki/Server-side
offering link: https://en.wikipedia.org/wiki/Server-side
a
href: /wiki/HTML
offering link: https://en.wikipedia.org/wiki/HTML
a
href: /wiki/Hypertext_Transfer_Protocol
offering link: https://en.wikipedia.org/wiki/Hypertext_Transfer_Protocol
a
href: /wiki/Client_(computing)
offering link: https://en.wikipedia.org/wiki/Client_(computing)
a
href: /wiki/Delimiter
offering link: https://en.wikipedia.org/wiki/Delimiter
a
href: /wiki/Swing_(Java)
offering link: https://en.wikipedia.org/wiki/Swing_(Java)
a
href: /wiki/Library_(computing)
offering link: https://en.wikipedia.org/wiki/Library_(computing)
a
href: /wiki/Pluggable_look_and_feel
offering link: https://en.wikipedia.org/wiki/Pluggable_look_and_feel
a
href: /wiki/Microsoft_Windows
offering link: https://en.wikipedia.org/wiki/Microsoft_Windows
a
href: /wiki/GTK%2B
offering link: https://en.wikipedia.org/wiki/GTK%2B
a
href: /wiki/Motif_(software)
offering link: https://en.wikipedia.org/wiki/Motif_(software)
a
href: /wiki/Apple_Inc.
offering link: https://en.wikipedia.org/wiki/Apple_Inc.
a
href: /wiki/Aqua_(user_interface)
offering link: https://en.wikipedia.org/wiki/Aqua_(user_interface)
a
href: /wiki/OS_X
offering link: https://en.wikipedia.org/wiki/OS_X
a
href: /wiki/Graphical_control_element
offering link: https://en.wikipedia.org/wiki/Graphical_control_element
a
a
a
href: /wiki/Window_(computing)
offering link: https://en.wikipedia.org/wiki/Window_(computing)
a
href: /wiki/Title_bar
offering link: https://en.wikipedia.org/wiki/Title_bar
a
href: /wiki/Graphical_control_element
offering link: https://en.wikipedia.org/wiki/Graphical_control_element
a
href: /wiki/Constructor_(object-oriented_programming)
offering link: https://en.wikipedia.org/wiki/Constructor_(object-oriented_programming)
a
a
a
a
a
a
a
a
href: /wiki/Object_(computer_science)
offering link: https://en.wikipedia.org/wiki/Object_(computer_science)
a
a
a
href: /wiki/Event_dispatching_thread
offering link: https://en.wikipedia.org/wiki/Event_dispatching_thread
a
href: /wiki/Generic_programming
offering link: https://en.wikipedia.org/wiki/Generic_programming
a
href: /wiki/Type_safety
offering link: https://en.wikipedia.org/wiki/Type_safety
a
a
a
a
a
href: /wiki/HotSpot
offering link: https://en.wikipedia.org/wiki/HotSpot
a
a
href: /wiki/Apache_Harmony
offering link: https://en.wikipedia.org/wiki/Apache_Harmony
a
href: /wiki/Smartphone
offering link: https://en.wikipedia.org/wiki/Smartphone
a
href: /wiki/Tablet_computer
offering link: https://en.wikipedia.org/wiki/Tablet_computer
a
href: /wiki/Google
offering link: https://en.wikipedia.org/wiki/Google
a
href: /wiki/Android_(operating_system)
offering link: https://en.wikipedia.org/wiki/Android_(operating_system)
a
href: /wiki/Open_source
offering link: https://en.wikipedia.org/wiki/Open_source
a
href: /wiki/Mobile_operating_system
offering link: https://en.wikipedia.org/wiki/Mobile_operating_system
a
href: /wiki/Linux_kernel
offering link: https://en.wikipedia.org/wiki/Linux_kernel
a
href: /wiki/Android_software_development#SDK
offering link: https://en.wikipedia.org/wiki/Android_software_development#SDK
a
href: /wiki/Dalvik_(software)
offering link: https://en.wikipedia.org/wiki/Dalvik_(software)
a
href: /wiki/Android_Runtime
offering link: https://en.wikipedia.org/wiki/Android_Runtime
a
a
href: /wiki/William_Haskell_Alsup
offering link: https://en.wikipedia.org/wiki/William_Haskell_Alsup
a
a
a
a
a
href: /wiki/Java_Class_Library
offering link: https://en.wikipedia.org/wiki/Java_Class_Library
a
href: /wiki/Standard_library
offering link: https://en.wikipedia.org/wiki/Standard_library
a
href: /wiki/Sun_Microsystems
offering link: https://en.wikipedia.org/wiki/Sun_Microsystems
a
href: /wiki/Java_Community_Process
offering link: https://en.wikipedia.org/wiki/Java_Community_Process
a
href: /wiki/Wikipedia:Manual_of_Style/Dates_and_numbers#Chronological_items
offering link: https://en.wikipedia.org/wiki/Wikipedia:Manual_of_Style/Dates_and_numbers#Chronological_items
a
href: /wiki/Sun_Microsystems
offering link: https://en.wikipedia.org/wiki/Sun_Microsystems
a
href: /wiki/Wikipedia:Manual_of_Style/Words_to_watch#Unsupported_attributions
offering link: https://en.wikipedia.org/wiki/Wikipedia:Manual_of_Style/Words_to_watch#Unsupported_attributions
a
a
href: /wiki/Application_programming_interface
offering link: https://en.wikipedia.org/wiki/Application_programming_interface
a
href: /wiki/Class_(computer_programming)
offering link: https://en.wikipedia.org/wiki/Class_(computer_programming)
a
href: /wiki/Java_package
offering link: https://en.wikipedia.org/wiki/Java_package
a
href: /wiki/Interface_(Java)
offering link: https://en.wikipedia.org/wiki/Interface_(Java)
a
href: /wiki/Exception_handling
offering link: https://en.wikipedia.org/wiki/Exception_handling
a
href: /wiki/Wikipedia:TOPIC
offering link: https://en.wikipedia.org/wiki/Wikipedia:TOPIC
a
href: /wiki/Talk:Java_(programming_language)#Relevant
offering link: https://en.wikipedia.org/wiki/Talk:Java_(programming_language)#Relevant
a
href: /wiki/PersonalJava
offering link: https://en.wikipedia.org/wiki/PersonalJava
**** reading url: https://en.wikipedia.org/wiki/Java_(programming_language)
Indexing https://en.wikipedia.org/wiki/Java_(programming_language)
a
href: /wiki/Programming_language
offering link: https://en.wikipedia.org/wiki/Programming_language
a
href: /wiki/Concurrent_computing
offering link: https://en.wikipedia.org/wiki/Concurrent_computing
a
href: /wiki/Class-based_programming
offering link: https://en.wikipedia.org/wiki/Class-based_programming
a
href: /wiki/Object-oriented_programming
offering link: https://en.wikipedia.org/wiki/Object-oriented_programming
a
a
href: /wiki/Write_once,_run_anywhere
offering link: https://en.wikipedia.org/wiki/Write_once,_run_anywhere
a
a
href: /wiki/Compiler
offering link: https://en.wikipedia.org/wiki/Compiler
a
a
href: /wiki/Java_bytecode
offering link: https://en.wikipedia.org/wiki/Java_bytecode
a
href: /wiki/Java_virtual_machine
offering link: https://en.wikipedia.org/wiki/Java_virtual_machine
a
href: /wiki/Computer_architecture
offering link: https://en.wikipedia.org/wiki/Computer_architecture
a
href: /wiki/Measuring_programming_language_popularity
offering link: https://en.wikipedia.org/wiki/Measuring_programming_language_popularity
a
a
a
a
a
href: /wiki/Wikipedia:Citation_needed
offering link: https://en.wikipedia.org/wiki/Wikipedia:Citation_needed
a
href: /wiki/James_Gosling
offering link: https://en.wikipedia.org/wiki/James_Gosling
a
href: /wiki/Sun_Microsystems
offering link: https://en.wikipedia.org/wiki/Sun_Microsystems
a
href: /wiki/Sun_acquisition_by_Oracle
offering link: https://en.wikipedia.org/wiki/Sun_acquisition_by_Oracle
a
href: /wiki/Java_(software_platform)
offering link: https://en.wikipedia.org/wiki/Java_(software_platform)
a
href: /wiki/Syntax_(programming_languages)
offering link: https://en.wikipedia.org/wiki/Syntax_(programming_languages)
a
href: /wiki/C_(programming_language)
offering link: https://en.wikipedia.org/wiki/C_(programming_language)
a
href: /wiki/C%2B%2B
offering link: https://en.wikipedia.org/wiki/C%2B%2B
a
href: /wiki/Low-level_programming_language
offering link: https://en.wikipedia.org/wiki/Low-level_programming_language
a
href: /wiki/Reference_implementation
offering link: https://en.wikipedia.org/wiki/Reference_implementation
a
href: /wiki/Compiler
offering link: https://en.wikipedia.org/wiki/Compiler
a
href: /wiki/Library_(computing)
offering link: https://en.wikipedia.org/wiki/Library_(computing)
a
href: /wiki/Java_Community_Process
offering link: https://en.wikipedia.org/wiki/Java_Community_Process
a
href: /wiki/GNU_General_Public_License
offering link: https://en.wikipedia.org/wiki/GNU_General_Public_License
a
href: /wiki/GNU_Compiler_for_Java
offering link: https://en.wikipedia.org/wiki/GNU_Compiler_for_Java
a
href: /wiki/GNU_Classpath
offering link: https://en.wikipedia.org/wiki/GNU_Classpath
a
href: /wiki/IcedTea
offering link: https://en.wikipedia.org/wiki/IcedTea
a
href: /wiki/James_Gosling
offering link: https://en.wikipedia.org/wiki/James_Gosling
a
href: /wiki/Patrick_Naughton
offering link: https://en.wikipedia.org/wiki/Patrick_Naughton
a
a
a
href: /wiki/Oak_(programming_language)
offering link: https://en.wikipedia.org/wiki/Oak_(programming_language)
a
href: /wiki/Oak
offering link: https://en.wikipedia.org/wiki/Oak
a
href: /wiki/Java_coffee
offering link: https://en.wikipedia.org/wiki/Java_coffee
a
a
a
href: /wiki/Sun_Microsystems
offering link: https://en.wikipedia.org/wiki/Sun_Microsystems
a
a
href: /wiki/Computing_platform
offering link: https://en.wikipedia.org/wiki/Computing_platform
a
href: /wiki/Web_browser
offering link: https://en.wikipedia.org/wiki/Web_browser
a
href: /wiki/Java_applet
offering link: https://en.wikipedia.org/wiki/Java_applet
a
href: /wiki/Bootstrapping_(compilers)
offering link: https://en.wikipedia.org/wiki/Bootstrapping_(compilers)
a
href: /wiki/Arthur_van_Hoff
offering link: https://en.wikipedia.org/wiki/Arthur_van_Hoff
a
a
href: /wiki/Java_Platform,_Enterprise_Edition
offering link: https://en.wikipedia.org/wiki/Java_Platform,_Enterprise_Edition
a
href: /wiki/Java_Platform,_Micro_Edition
offering link: https://en.wikipedia.org/wiki/Java_Platform,_Micro_Edition
a
href: /wiki/Java_Platform,_Standard_Edition
offering link: https://en.wikipedia.org/wiki/Java_Platform,_Standard_Edition
a
href: /wiki/ISO/IEC_JTC_1
offering link: https://en.wikipedia.org/wiki/ISO/IEC_JTC_1
a
href: /wiki/Ecma_International
offering link: https://en.wikipedia.org/wiki/Ecma_International
a
a
a
a
href: /wiki/De_facto_standard
offering link: https://en.wikipedia.org/wiki/De_facto_standard
a
href: /wiki/Java_Community_Process
offering link: https://en.wikipedia.org/wiki/Java_Community_Process
a
a
href: /wiki/Proprietary_software
offering link: https://en.wikipedia.org/wiki/Proprietary_software
a
href: /wiki/Free_and_open-source_software
offering link: https://en.wikipedia.org/wiki/Free_and_open-source_software
a
href: /wiki/GNU_General_Public_License
offering link: https://en.wikipedia.org/wiki/GNU_General_Public_License
a
href: /wiki/Free_software
offering link: https://en.wikipedia.org/wiki/Free_software
a
a
a
href: /wiki/Oracle_Corporation
offering link: https://en.wikipedia.org/wiki/Oracle_Corporation
a
a
href: /wiki/Laptop
offering link: https://en.wikipedia.org/wiki/Laptop
a
href: /wiki/Data_center
offering link: https://en.wikipedia.org/wiki/Data_center
a
href: /wiki/Video_game_console
offering link: https://en.wikipedia.org/wiki/Video_game_console
a
href: /wiki/Supercomputer
offering link: https://en.wikipedia.org/wiki/Supercomputer
a
a
a
a
a
href: /wiki/Java_bytecode
offering link: https://en.wikipedia.org/wiki/Java_bytecode
a
href: /wiki/Machine_code
offering link: https://en.wikipedia.org/wiki/Machine_code
a
href: /wiki/Virtual_machine
offering link: https://en.wikipedia.org/wiki/Virtual_machine
a
href: /wiki/End_user
offering link: https://en.wikipedia.org/wiki/End_user
a
href: /wiki/Java_virtual_machine
offering link: https://en.wikipedia.org/wiki/Java_virtual_machine
a
href: /wiki/Applet
offering link: https://en.wikipedia.org/wiki/Applet
a
href: /wiki/Thread_(computing)
offering link: https://en.wikipedia.org/wiki/Thread_(computing)
a
href: /wiki/Computer_network
offering link: https://en.wikipedia.org/wiki/Computer_network
a
href: /wiki/Executable
offering link: https://en.wikipedia.org/wiki/Executable
a
href: /wiki/Just-in-time_compilation
offering link: https://en.wikipedia.org/wiki/Just-in-time_compilation
a
href: /wiki/Java_virtual_machine
offering link: https://en.wikipedia.org/wiki/Java_virtual_machine
a
href: /wiki/Java_bytecode
offering link: https://en.wikipedia.org/wiki/Java_bytecode
a
a
href: /wiki/Oracle_Corporation
offering link: https://en.wikipedia.org/wiki/Oracle_Corporation
a
href: /wiki/Sun_Microsystems
offering link: https://en.wikipedia.org/wiki/Sun_Microsystems
a
href: /wiki/Microsoft_Windows
offering link: https://en.wikipedia.org/wiki/Microsoft_Windows
a
href: /wiki/OS_X
offering link: https://en.wikipedia.org/wiki/OS_X
a
href: /wiki/Linux
offering link: https://en.wikipedia.org/wiki/Linux
a
href: /wiki/Solaris_(operating_system)
offering link: https://en.wikipedia.org/wiki/Solaris_(operating_system)
a
href: /wiki/Ecma_International
offering link: https://en.wikipedia.org/wiki/Ecma_International
a
href: /wiki/De_facto_standard
offering link: https://en.wikipedia.org/wiki/De_facto_standard
a
href: /wiki/Java_Development_Kit
offering link: https://en.wikipedia.org/wiki/Java_Development_Kit
a
href: /wiki/Java_compiler
offering link: https://en.wikipedia.org/wiki/Java_compiler
a
href: /wiki/Javadoc
offering link: https://en.wikipedia.org/wiki/Javadoc
a
href: /wiki/JAR_(file_format)
offering link: https://en.wikipedia.org/wiki/JAR_(file_format)
a
href: /wiki/Debugger
offering link: https://en.wikipedia.org/wiki/Debugger
a
href: /wiki/OpenJDK
offering link: https://en.wikipedia.org/wiki/OpenJDK
a
href: /wiki/Microsoft
offering link: https://en.wikipedia.org/wiki/Microsoft
a
href: /wiki/Java_remote_method_invocation
offering link: https://en.wikipedia.org/wiki/Java_remote_method_invocation
a
href: /wiki/Java_Native_Interface
offering link: https://en.wikipedia.org/wiki/Java_Native_Interface
a
a
href: /wiki/Microsoft_Windows
offering link: https://en.wikipedia.org/wiki/Microsoft_Windows
a
href: /wiki/Java_Platform,_Enterprise_Edition
offering link: https://en.wikipedia.org/wiki/Java_Platform,_Enterprise_Edition
a
a
a
href: /wiki/Just-in-time_compilation
offering link: https://en.wikipedia.org/wiki/Just-in-time_compilation
a
href: /wiki/Java_version_history
offering link: https://en.wikipedia.org/wiki/Java_version_history
a
a
href: /wiki/HotSpot
offering link: https://en.wikipedia.org/wiki/HotSpot
a
href: /wiki/ARM_architecture
offering link: https://en.wikipedia.org/wiki/ARM_architecture
a
href: /wiki/Jazelle
offering link: https://en.wikipedia.org/wiki/Jazelle
a
href: /wiki/Garbage_collection_(computer_science)
offering link: https://en.wikipedia.org/wiki/Garbage_collection_(computer_science)
a
href: /wiki/Object_lifetime
offering link: https://en.wikipedia.org/wiki/Object_lifetime
a
href: /wiki/Unreachable_memory
offering link: https://en.wikipedia.org/wiki/Unreachable_memory
a
href: /wiki/Memory_leak
offering link: https://en.wikipedia.org/wiki/Memory_leak
a
a
a
href: /wiki/Stack_(abstract_data_type)
offering link: https://en.wikipedia.org/wiki/Stack_(abstract_data_type)
a
href: /wiki/Memory_management#DYNAMIC
offering link: https://en.wikipedia.org/wiki/Memory_management#DYNAMIC
a
href: /wiki/Memory_leak
offering link: https://en.wikipedia.org/wiki/Memory_leak
a
href: /wiki/Smart_pointer
offering link: https://en.wikipedia.org/wiki/Smart_pointer
a
href: /wiki/Pointer_(computer_programming)
offering link: https://en.wikipedia.org/wiki/Pointer_(computer_programming)
a
href: /wiki/Primitive_data_type
offering link: https://en.wikipedia.org/wiki/Primitive_data_type
a
href: /wiki/Stack-based_memory_allocation
offering link: https://en.wikipedia.org/wiki/Stack-based_memory_allocation
a
href: /wiki/Escape_analysis
offering link: https://en.wikipedia.org/wiki/Escape_analysis
a
href: /wiki/Wikipedia:Citation_needed
offering link: https://en.wikipedia.org/wiki/Wikipedia:Citation_needed
a
a
href: /wiki/Concurrent_mark_sweep_collector
offering link: https://en.wikipedia.org/wiki/Concurrent_mark_sweep_collector
a
a
a
href: /wiki/C%2B%2B
offering link: https://en.wikipedia.org/wiki/C%2B%2B
a
a
href: /wiki/Boolean_data_type
offering link: https://en.wikipedia.org/wiki/Boolean_data_type
a
href: /wiki/Operator_overloading
offering link: https://en.wikipedia.org/wiki/Operator_overloading
a
a
href: /wiki/Multiple_inheritance
offering link: https://en.wikipedia.org/wiki/Multiple_inheritance
a
href: /wiki/Interface_(Java)
offering link: https://en.wikipedia.org/wiki/Interface_(Java)
a
a
href: /wiki/Anti-pattern
offering link: https://en.wikipedia.org/wiki/Anti-pattern
a
href: /wiki/Javadoc
offering link: https://en.wikipedia.org/wiki/Javadoc
a
href: /wiki/%22Hello,_world!%22_program
offering link: https://en.wikipedia.org/wiki/%22Hello,_world!%22_program
a
a
href: /wiki/Java_compiler
offering link: https://en.wikipedia.org/wiki/Java_compiler
a
href: /wiki/Inner_class
offering link: https://en.wikipedia.org/wiki/Inner_class
a
href: /wiki/Class_(computer_programming)#Unnamed
offering link: https://en.wikipedia.org/wiki/Class_(computer_programming)#Unnamed
a
href: /wiki/List_of_Java_keywords
offering link: https://en.wikipedia.org/wiki/List_of_Java_keywords
a
href: /wiki/Method_(computer_programming)#Static_methods
offering link: https://en.wikipedia.org/wiki/Method_(computer_programming)#Static_methods
a
href: /wiki/Enterprise_JavaBeans
offering link: https://en.wikipedia.org/wiki/Enterprise_JavaBeans
a
href: /wiki/Array_data_type
offering link: https://en.wikipedia.org/wiki/Array_data_type
a
a
href: /wiki/Variadic_function
offering link: https://en.wikipedia.org/wiki/Variadic_function
a
href: /wiki/JAR_(file_format)
offering link: https://en.wikipedia.org/wiki/JAR_(file_format)
a
href: /wiki/Array_data_type
offering link: https://en.wikipedia.org/wiki/Array_data_type
a
a
href: /wiki/Command-line_interface
offering link: https://en.wikipedia.org/wiki/Command-line_interface
a
a
a
a
href: /wiki/Standard_streams
offering link: https://en.wikipedia.org/wiki/Standard_streams
a
a
href: /wiki/Java_compiler
offering link: https://en.wikipedia.org/wiki/Java_compiler
a
a
a
href: /wiki/Source_code
offering link: https://en.wikipedia.org/wiki/Source_code
a
href: /wiki/Inheritance_(object-oriented_programming)#Subclasses_and_superclasses
offering link: https://en.wikipedia.org/wiki/Inheritance_(object-oriented_programming)#Subclasses_and_superclasses
a
href: /wiki/Object_lifetime
offering link: https://en.wikipedia.org/wiki/Object_lifetime
a
href: /wiki/Graphical_user_interface
offering link: https://en.wikipedia.org/wiki/Graphical_user_interface
a
href: /wiki/Event-driven_programming
offering link: https://en.wikipedia.org/wiki/Event-driven_programming
a
href: /wiki/Method_overriding
offering link: https://en.wikipedia.org/wiki/Method_overriding
a
a
href: /wiki/Java_annotation
offering link: https://en.wikipedia.org/wiki/Java_annotation
a
a
href: /wiki/Inheritance_(object-oriented_programming)#Subclasses_and_superclasses
offering link: https://en.wikipedia.org/wiki/Inheritance_(object-oriented_programming)#Subclasses_and_superclasses
a
a
href: /wiki/Pixel
offering link: https://en.wikipedia.org/wiki/Pixel
a
href: /wiki/HTML
offering link: https://en.wikipedia.org/wiki/HTML
a
href: /wiki/HTML_element
offering link: https://en.wikipedia.org/wiki/HTML_element
a
a
a
a
href: /wiki/Event_dispatching_thread
offering link: https://en.wikipedia.org/wiki/Event_dispatching_thread
a
href: /wiki/Java_Servlet
offering link: https://en.wikipedia.org/wiki/Java_Servlet
a
href: /wiki/Server-side
offering link: https://en.wikipedia.org/wiki/Server-side
a
href: /wiki/HTML
offering link: https://en.wikipedia.org/wiki/HTML
a
href: /wiki/Hypertext_Transfer_Protocol
offering link: https://en.wikipedia.org/wiki/Hypertext_Transfer_Protocol
a
href: /wiki/Client_(computing)
offering link: https://en.wikipedia.org/wiki/Client_(computing)
a
href: /wiki/Interface_(Java)
offering link: https://en.wikipedia.org/wiki/Interface_(Java)
a
a
a
a
href: /wiki/Server_(computing)
offering link: https://en.wikipedia.org/wiki/Server_(computing)
a
a
a
href: /wiki/Interface_(Java)
offering link: https://en.wikipedia.org/wiki/Interface_(Java)
a
a
a
href: /wiki/Exception_handling
offering link: https://en.wikipedia.org/wiki/Exception_handling
a
a
a
a
href: /wiki/MIME
offering link: https://en.wikipedia.org/wiki/MIME
a
a
a
a
a
href: /wiki/Server-side
offering link: https://en.wikipedia.org/wiki/Server-side
a
href: /wiki/HTML
offering link: https://en.wikipedia.org/wiki/HTML
a
href: /wiki/Hypertext_Transfer_Protocol
offering link: https://en.wikipedia.org/wiki/Hypertext_Transfer_Protocol
a
href: /wiki/Client_(computing)
offering link: https://en.wikipedia.org/wiki/Client_(computing)
a
href: /wiki/Delimiter
offering link: https://en.wikipedia.org/wiki/Delimiter
a
href: /wiki/Swing_(Java)
offering link: https://en.wikipedia.org/wiki/Swing_(Java)
a
href: /wiki/Library_(computing)
offering link: https://en.wikipedia.org/wiki/Library_(computing)
a
href: /wiki/Pluggable_look_and_feel
offering link: https://en.wikipedia.org/wiki/Pluggable_look_and_feel
a
href: /wiki/Microsoft_Windows
offering link: https://en.wikipedia.org/wiki/Microsoft_Windows
a
href: /wiki/GTK%2B
offering link: https://en.wikipedia.org/wiki/GTK%2B
a
href: /wiki/Motif_(software)
offering link: https://en.wikipedia.org/wiki/Motif_(software)
a
href: /wiki/Apple_Inc.
offering link: https://en.wikipedia.org/wiki/Apple_Inc.
a
href: /wiki/Aqua_(user_interface)
offering link: https://en.wikipedia.org/wiki/Aqua_(user_interface)
a
href: /wiki/OS_X
offering link: https://en.wikipedia.org/wiki/OS_X
a
href: /wiki/Graphical_control_element
offering link: https://en.wikipedia.org/wiki/Graphical_control_element
a
a
a
href: /wiki/Window_(computing)
offering link: https://en.wikipedia.org/wiki/Window_(computing)
a
href: /wiki/Title_bar
offering link: https://en.wikipedia.org/wiki/Title_bar
a
href: /wiki/Graphical_control_element
offering link: https://en.wikipedia.org/wiki/Graphical_control_element
a
href: /wiki/Constructor_(object-oriented_programming)
offering link: https://en.wikipedia.org/wiki/Constructor_(object-oriented_programming)
a
a
a
a
a
a
a
a
href: /wiki/Object_(computer_science)
offering link: https://en.wikipedia.org/wiki/Object_(computer_science)
a
a
a
href: /wiki/Event_dispatching_thread
offering link: https://en.wikipedia.org/wiki/Event_dispatching_thread
a
href: /wiki/Generic_programming
offering link: https://en.wikipedia.org/wiki/Generic_programming
a
href: /wiki/Type_safety
offering link: https://en.wikipedia.org/wiki/Type_safety
a
a
a
a
a
href: /wiki/HotSpot
offering link: https://en.wikipedia.org/wiki/HotSpot
a
a
href: /wiki/Apache_Harmony
offering link: https://en.wikipedia.org/wiki/Apache_Harmony
a
href: /wiki/Smartphone
offering link: https://en.wikipedia.org/wiki/Smartphone
a
href: /wiki/Tablet_computer
offering link: https://en.wikipedia.org/wiki/Tablet_computer
a
href: /wiki/Google
offering link: https://en.wikipedia.org/wiki/Google
a
href: /wiki/Android_(operating_system)
offering link: https://en.wikipedia.org/wiki/Android_(operating_system)
a
href: /wiki/Open_source
offering link: https://en.wikipedia.org/wiki/Open_source
a
href: /wiki/Mobile_operating_system
offering link: https://en.wikipedia.org/wiki/Mobile_operating_system
a
href: /wiki/Linux_kernel
offering link: https://en.wikipedia.org/wiki/Linux_kernel
a
href: /wiki/Android_software_development#SDK
offering link: https://en.wikipedia.org/wiki/Android_software_development#SDK
a
href: /wiki/Dalvik_(software)
offering link: https://en.wikipedia.org/wiki/Dalvik_(software)
a
href: /wiki/Android_Runtime
offering link: https://en.wikipedia.org/wiki/Android_Runtime
a
a
href: /wiki/William_Haskell_Alsup
offering link: https://en.wikipedia.org/wiki/William_Haskell_Alsup
a
a
a
a
a
href: /wiki/Java_Class_Library
offering link: https://en.wikipedia.org/wiki/Java_Class_Library
a
href: /wiki/Standard_library
offering link: https://en.wikipedia.org/wiki/Standard_library
a
href: /wiki/Sun_Microsystems
offering link: https://en.wikipedia.org/wiki/Sun_Microsystems
a
href: /wiki/Java_Community_Process
offering link: https://en.wikipedia.org/wiki/Java_Community_Process
a
href: /wiki/Wikipedia:Manual_of_Style/Dates_and_numbers#Chronological_items
offering link: https://en.wikipedia.org/wiki/Wikipedia:Manual_of_Style/Dates_and_numbers#Chronological_items
a
href: /wiki/Sun_Microsystems
offering link: https://en.wikipedia.org/wiki/Sun_Microsystems
a
href: /wiki/Wikipedia:Manual_of_Style/Words_to_watch#Unsupported_attributions
offering link: https://en.wikipedia.org/wiki/Wikipedia:Manual_of_Style/Words_to_watch#Unsupported_attributions
a
a
href: /wiki/Application_programming_interface
offering link: https://en.wikipedia.org/wiki/Application_programming_interface
a
href: /wiki/Class_(computer_programming)
offering link: https://en.wikipedia.org/wiki/Class_(computer_programming)
a
href: /wiki/Java_package
offering link: https://en.wikipedia.org/wiki/Java_package
a
href: /wiki/Interface_(Java)
offering link: https://en.wikipedia.org/wiki/Interface_(Java)
a
href: /wiki/Exception_handling
offering link: https://en.wikipedia.org/wiki/Exception_handling
a
href: /wiki/Wikipedia:TOPIC
offering link: https://en.wikipedia.org/wiki/Wikipedia:TOPIC
a
href: /wiki/Talk:Java_(programming_language)#Relevant
offering link: https://en.wikipedia.org/wiki/Talk:Java_(programming_language)#Relevant
a
href: /wiki/PersonalJava
offering link: https://en.wikipedia.org/wiki/PersonalJava
**** reading url: https://en.wikipedia.org/wiki/Programming_language
Indexing https://en.wikipedia.org/wiki/Programming_language
a
href: /wiki/Formal_language
offering link: https://en.wikipedia.org/wiki/Formal_language
a
href: /wiki/Constructed_language
offering link: https://en.wikipedia.org/wiki/Constructed_language
a
href: /wiki/Machine_instruction
offering link: https://en.wikipedia.org/wiki/Machine_instruction
a
href: /wiki/Machine
offering link: https://en.wikipedia.org/wiki/Machine
a
href: /wiki/Computer
offering link: https://en.wikipedia.org/wiki/Computer
a
href: /wiki/Program_(machine)
offering link: https://en.wikipedia.org/wiki/Program_(machine)
a
href: /wiki/Algorithm
offering link: https://en.wikipedia.org/wiki/Algorithm
a
href: /wiki/History_of_computing_hardware
offering link: https://en.wikipedia.org/wiki/History_of_computing_hardware
a
a
href: /wiki/Jacquard_loom
offering link: https://en.wikipedia.org/wiki/Jacquard_loom
a
href: /wiki/Player_piano
offering link: https://en.wikipedia.org/wiki/Player_piano
a
a
href: /wiki/Imperative_programming
offering link: https://en.wikipedia.org/wiki/Imperative_programming
a
href: /wiki/Declarative_programming
offering link: https://en.wikipedia.org/wiki/Declarative_programming
a
href: /wiki/Syntax_(programming_languages)
offering link: https://en.wikipedia.org/wiki/Syntax_(programming_languages)
a
href: /wiki/Semantics
offering link: https://en.wikipedia.org/wiki/Semantics
a
href: /wiki/C_(programming_language)
offering link: https://en.wikipedia.org/wiki/C_(programming_language)
a
href: /wiki/International_Organization_for_Standardization
offering link: https://en.wikipedia.org/wiki/International_Organization_for_Standardization
a
href: /wiki/Perl
offering link: https://en.wikipedia.org/wiki/Perl
a
href: /wiki/Programming_language_implementation
offering link: https://en.wikipedia.org/wiki/Programming_language_implementation
a
href: /wiki/Reference_implementation
offering link: https://en.wikipedia.org/wiki/Reference_implementation
a
href: /wiki/Computer_program
offering link: https://en.wikipedia.org/wiki/Computer_program
a
href: /wiki/Algorithm
offering link: https://en.wikipedia.org/wiki/Algorithm
a
a
a
a
href: /wiki/Markup_languages
offering link: https://en.wikipedia.org/wiki/Markup_languages
a
href: /wiki/XML
offering link: https://en.wikipedia.org/wiki/XML
a
href: /wiki/HTML
offering link: https://en.wikipedia.org/wiki/HTML
a
href: /wiki/Troff
offering link: https://en.wikipedia.org/wiki/Troff
a
href: /wiki/Structured_data
offering link: https://en.wikipedia.org/wiki/Structured_data
a
a
a
a
href: /wiki/XSLT
offering link: https://en.wikipedia.org/wiki/XSLT
a
href: /wiki/Turing_completeness
offering link: https://en.wikipedia.org/wiki/Turing_completeness
a
a
a
a
href: /wiki/LaTeX
offering link: https://en.wikipedia.org/wiki/LaTeX
a
a
a
a
a
a
a
href: /wiki/John_C._Reynolds
offering link: https://en.wikipedia.org/wiki/John_C._Reynolds
a
href: /wiki/Formal_specification
offering link: https://en.wikipedia.org/wiki/Formal_specification
a
a
href: /wiki/Machine_language
offering link: https://en.wikipedia.org/wiki/Machine_language
a
href: /wiki/Punched_card
offering link: https://en.wikipedia.org/wiki/Punched_card
a
href: /wiki/Magnetic_tape_data_storage
offering link: https://en.wikipedia.org/wiki/Magnetic_tape_data_storage
a
href: /wiki/Front_panel
offering link: https://en.wikipedia.org/wiki/Front_panel
a
href: /wiki/First-generation_programming_language
offering link: https://en.wikipedia.org/wiki/First-generation_programming_language
a
href: /wiki/Second-generation_programming_language
offering link: https://en.wikipedia.org/wiki/Second-generation_programming_language
a
href: /wiki/Assembly_language
offering link: https://en.wikipedia.org/wiki/Assembly_language
a
href: /wiki/Instruction_set_architecture
offering link: https://en.wikipedia.org/wiki/Instruction_set_architecture
a
href: /wiki/High-level_programming_language
offering link: https://en.wikipedia.org/wiki/High-level_programming_language
a
href: /wiki/Plankalk%C3%BCl
offering link: https://en.wikipedia.org/wiki/Plankalk%C3%BCl
a
href: /wiki/Z3_(computer)
offering link: https://en.wikipedia.org/wiki/Z3_(computer)
a
href: /wiki/Konrad_Zuse
offering link: https://en.wikipedia.org/wiki/Konrad_Zuse
a
a
href: /wiki/John_Mauchly
offering link: https://en.wikipedia.org/wiki/John_Mauchly
a
href: /wiki/Short_Code_(computer_language)
offering link: https://en.wikipedia.org/wiki/Short_Code_(computer_language)
a
href: /wiki/Electronic_computer
offering link: https://en.wikipedia.org/wiki/Electronic_computer
a
a
href: /wiki/Machine_code
offering link: https://en.wikipedia.org/wiki/Machine_code
a
href: /wiki/Machine_code
offering link: https://en.wikipedia.org/wiki/Machine_code
a
href: /wiki/Machine_code
offering link: https://en.wikipedia.org/wiki/Machine_code
a
href: /wiki/University_of_Manchester
offering link: https://en.wikipedia.org/wiki/University_of_Manchester
a
href: /wiki/Alick_Glennie
offering link: https://en.wikipedia.org/wiki/Alick_Glennie
a
href: /wiki/Autocode
offering link: https://en.wikipedia.org/wiki/Autocode
a
href: /wiki/High-level_programming_language
offering link: https://en.wikipedia.org/wiki/High-level_programming_language
a
href: /wiki/Compiler
offering link: https://en.wikipedia.org/wiki/Compiler
a
href: /wiki/Manchester_Mark_1
offering link: https://en.wikipedia.org/wiki/Manchester_Mark_1
a
href: /wiki/Compiler
offering link: https://en.wikipedia.org/wiki/Compiler
a
a
a
href: /wiki/Tony_Brooker
offering link: https://en.wikipedia.org/wiki/Tony_Brooker
a
href: /wiki/Ferranti_Mercury
offering link: https://en.wikipedia.org/wiki/Ferranti_Mercury
a
href: /wiki/EDSAC
offering link: https://en.wikipedia.org/wiki/EDSAC
a
href: /wiki/David_Hartley_(computer_scientist)
offering link: https://en.wikipedia.org/wiki/David_Hartley_(computer_scientist)
a
href: /wiki/University_of_Cambridge_Mathematical_Laboratory
offering link: https://en.wikipedia.org/wiki/University_of_Cambridge_Mathematical_Laboratory
a
href: /wiki/Atlas_Autocode
offering link: https://en.wikipedia.org/wiki/Atlas_Autocode
a
href: /wiki/Atlas_Computer_(Manchester)
offering link: https://en.wikipedia.org/wiki/Atlas_Computer_(Manchester)
a
href: /wiki/FORTRAN
offering link: https://en.wikipedia.org/wiki/FORTRAN
a
href: /wiki/John_Backus
offering link: https://en.wikipedia.org/wiki/John_Backus
a
href: /wiki/High-level_language
offering link: https://en.wikipedia.org/wiki/High-level_language
a
a
a
href: /wiki/High-performance_computing
offering link: https://en.wikipedia.org/wiki/High-performance_computing
a
a
href: /wiki/TOP500
offering link: https://en.wikipedia.org/wiki/TOP500
a
a
href: /wiki/Grace_Hopper
offering link: https://en.wikipedia.org/wiki/Grace_Hopper
a
href: /wiki/FLOW-MATIC
offering link: https://en.wikipedia.org/wiki/FLOW-MATIC
a
href: /wiki/UNIVAC_I
offering link: https://en.wikipedia.org/wiki/UNIVAC_I
a
href: /wiki/Remington_Rand
offering link: https://en.wikipedia.org/wiki/Remington_Rand
a
href: /wiki/English_language
offering link: https://en.wikipedia.org/wiki/English_language
a
a
a
href: /wiki/COBOL
offering link: https://en.wikipedia.org/wiki/COBOL
a
href: /wiki/AIMACO
offering link: https://en.wikipedia.org/wiki/AIMACO
a
a
href: /wiki/Low-level_programming_language
offering link: https://en.wikipedia.org/wiki/Low-level_programming_language
a
href: /wiki/System_programming_language
offering link: https://en.wikipedia.org/wiki/System_programming_language
a
href: /wiki/Structured_programming
offering link: https://en.wikipedia.org/wiki/Structured_programming
a
a
href: /wiki/Edsger_W._Dijkstra
offering link: https://en.wikipedia.org/wiki/Edsger_W._Dijkstra
a
href: /wiki/Communications_of_the_ACM
offering link: https://en.wikipedia.org/wiki/Communications_of_the_ACM
a
href: /wiki/Goto
offering link: https://en.wikipedia.org/wiki/Goto
a
a
href: /wiki/C%2B%2B
offering link: https://en.wikipedia.org/wiki/C%2B%2B
a
href: /wiki/Ada_(programming_language)
offering link: https://en.wikipedia.org/wiki/Ada_(programming_language)
a
href: /wiki/Pascal_(programming_language)
offering link: https://en.wikipedia.org/wiki/Pascal_(programming_language)
a
href: /wiki/Fifth-generation_programming_language
offering link: https://en.wikipedia.org/wiki/Fifth-generation_programming_language
a
a
href: /wiki/ML_(programming_language)
offering link: https://en.wikipedia.org/wiki/ML_(programming_language)
a
href: /wiki/Modula-2
offering link: https://en.wikipedia.org/wiki/Modula-2
a
href: /wiki/Generic_programming
offering link: https://en.wikipedia.org/wiki/Generic_programming
a
a
href: /wiki/Internet
offering link: https://en.wikipedia.org/wiki/Internet
a
href: /wiki/Perl
offering link: https://en.wikipedia.org/wiki/Perl
a
href: /wiki/Website
offering link: https://en.wikipedia.org/wiki/Website
a
href: /wiki/Java_(programming_language)
offering link: https://en.wikipedia.org/wiki/Java_(programming_language)
a
href: /wiki/Write_once,_run_anywhere
offering link: https://en.wikipedia.org/wiki/Write_once,_run_anywhere
a
href: /wiki/UCSD_Pascal
offering link: https://en.wikipedia.org/wiki/UCSD_Pascal
a
href: /wiki/Mixin
offering link: https://en.wikipedia.org/wiki/Mixin
a
href: /wiki/Delegation_(programming)
offering link: https://en.wikipedia.org/wiki/Delegation_(programming)
a
href: /wiki/Aspect-oriented_programming
offering link: https://en.wikipedia.org/wiki/Aspect-oriented_programming
a
href: /wiki/Language_Integrated_Query
offering link: https://en.wikipedia.org/wiki/Language_Integrated_Query
a
href: /wiki/Fourth-generation_programming_language
offering link: https://en.wikipedia.org/wiki/Fourth-generation_programming_language
a
href: /wiki/Fifth_generation_programming_language
offering link: https://en.wikipedia.org/wiki/Fifth_generation_programming_language
a
href: /wiki/Algorithm
offering link: https://en.wikipedia.org/wiki/Algorithm
a
href: /wiki/Language_primitive
offering link: https://en.wikipedia.org/wiki/Language_primitive
a
href: /wiki/Syntax_(programming_languages)
offering link: https://en.wikipedia.org/wiki/Syntax_(programming_languages)
a
href: /wiki/Visual_programming_language
offering link: https://en.wikipedia.org/wiki/Visual_programming_language
a
href: /wiki/Formal_semantics_of_programming_languages
offering link: https://en.wikipedia.org/wiki/Formal_semantics_of_programming_languages
a
href: /wiki/Reference_implementation_(computing)
offering link: https://en.wikipedia.org/wiki/Reference_implementation_(computing)
a
href: /wiki/Regular_expression
offering link: https://en.wikipedia.org/wiki/Regular_expression
a
href: /wiki/Lexical_analysis
offering link: https://en.wikipedia.org/wiki/Lexical_analysis
a
href: /wiki/Backus%E2%80%93Naur_Form
offering link: https://en.wikipedia.org/wiki/Backus%E2%80%93Naur_Form
a
href: /wiki/Context-free_grammar
offering link: https://en.wikipedia.org/wiki/Context-free_grammar
a
href: /wiki/Lisp_(programming_language)
offering link: https://en.wikipedia.org/wiki/Lisp_(programming_language)
a
href: /wiki/Undefined_behavior
offering link: https://en.wikipedia.org/wiki/Undefined_behavior
a
href: /wiki/Natural_language
offering link: https://en.wikipedia.org/wiki/Natural_language
a
href: /wiki/Pointer_(computer_programming)
offering link: https://en.wikipedia.org/wiki/Pointer_(computer_programming)
a
href: /wiki/Type_declaration
offering link: https://en.wikipedia.org/wiki/Type_declaration
a
href: /wiki/Chomsky_hierarchy
offering link: https://en.wikipedia.org/wiki/Chomsky_hierarchy
a
href: /wiki/Context-free_grammar
offering link: https://en.wikipedia.org/wiki/Context-free_grammar
a
a
href: /wiki/Undecidable_problem
offering link: https://en.wikipedia.org/wiki/Undecidable_problem
a
a
href: /wiki/Lisp_macro
offering link: https://en.wikipedia.org/wiki/Lisp_macro
a
a
href: /wiki/Semantics#Computer_science
offering link: https://en.wikipedia.org/wiki/Semantics#Computer_science
a
a
a
href: /wiki/Identifier
offering link: https://en.wikipedia.org/wiki/Identifier
a
href: /wiki/Case_statement
offering link: https://en.wikipedia.org/wiki/Case_statement
a
a
href: /wiki/Subroutine
offering link: https://en.wikipedia.org/wiki/Subroutine
a
href: /wiki/Logic
offering link: https://en.wikipedia.org/wiki/Logic
a
href: /wiki/Type_system
offering link: https://en.wikipedia.org/wiki/Type_system
a
href: /wiki/Static_code_analysis
offering link: https://en.wikipedia.org/wiki/Static_code_analysis
a
href: /wiki/Data_flow_analysis
offering link: https://en.wikipedia.org/wiki/Data_flow_analysis
a
href: /wiki/Java_(programming_language)
offering link: https://en.wikipedia.org/wiki/Java_(programming_language)
a
href: /wiki/C_Sharp_(programming_language)
offering link: https://en.wikipedia.org/wiki/C_Sharp_(programming_language)
a
href: /wiki/Definite_assignment_analysis
offering link: https://en.wikipedia.org/wiki/Definite_assignment_analysis
a
href: /wiki/Evaluation_strategy
offering link: https://en.wikipedia.org/wiki/Evaluation_strategy
a
href: /wiki/Control_flow
offering link: https://en.wikipedia.org/wiki/Control_flow
a
href: /wiki/Statement_(computer_science)
offering link: https://en.wikipedia.org/wiki/Statement_(computer_science)
a
href: /wiki/Formal_semantics_of_programming_languages
offering link: https://en.wikipedia.org/wiki/Formal_semantics_of_programming_languages
a
href: /wiki/Decidability_(logic)
offering link: https://en.wikipedia.org/wiki/Decidability_(logic)
a
href: /wiki/Type_conversion#Explicit_type_conversion
offering link: https://en.wikipedia.org/wiki/Type_conversion#Explicit_type_conversion
a
href: /wiki/Type_checking
offering link: https://en.wikipedia.org/wiki/Type_checking
a
href: /wiki/Type_inference
offering link: https://en.wikipedia.org/wiki/Type_inference
a
href: /wiki/Type_theory
offering link: https://en.wikipedia.org/wiki/Type_theory
a
a
href: /wiki/String_literal
offering link: https://en.wikipedia.org/wiki/String_literal
a
href: /wiki/Exception_handling
offering link: https://en.wikipedia.org/wiki/Exception_handling
a
href: /wiki/REXX
offering link: https://en.wikipedia.org/wiki/REXX
a
href: /wiki/Standard_Generalized_Markup_Language
offering link: https://en.wikipedia.org/wiki/Standard_Generalized_Markup_Language
a
href: /wiki/Assembly_language
offering link: https://en.wikipedia.org/wiki/Assembly_language
a
a
href: /wiki/BCPL
offering link: https://en.wikipedia.org/wiki/BCPL
a
href: /wiki/Tcl
offering link: https://en.wikipedia.org/wiki/Tcl
a
href: /wiki/Forth_(programming_language)
offering link: https://en.wikipedia.org/wiki/Forth_(programming_language)
a
href: /wiki/Type_theory
offering link: https://en.wikipedia.org/wiki/Type_theory
a
a
href: /wiki/Type_conversion#Explicit_type_conversion
offering link: https://en.wikipedia.org/wiki/Type_conversion#Explicit_type_conversion
a
href: /wiki/Type_system
offering link: https://en.wikipedia.org/wiki/Type_system
a
a
href: /wiki/Manifest_typing
offering link: https://en.wikipedia.org/wiki/Manifest_typing
a
href: /wiki/Type_inference
offering link: https://en.wikipedia.org/wiki/Type_inference
a
href: /wiki/Declaration_(computer_science)
offering link: https://en.wikipedia.org/wiki/Declaration_(computer_science)
a
href: /wiki/C%2B%2B
offering link: https://en.wikipedia.org/wiki/C%2B%2B
a
href: /wiki/C_Sharp_(programming_language)
offering link: https://en.wikipedia.org/wiki/C_Sharp_(programming_language)
a
href: /wiki/Java_(programming_language)
offering link: https://en.wikipedia.org/wiki/Java_(programming_language)
a
href: /wiki/Haskell_(programming_language)
offering link: https://en.wikipedia.org/wiki/Haskell_(programming_language)
a
href: /wiki/ML_(programming_language)
offering link: https://en.wikipedia.org/wiki/ML_(programming_language)
a
href: /wiki/Java_(programming_language)
offering link: https://en.wikipedia.org/wiki/Java_(programming_language)
a
href: /wiki/C_Sharp_(programming_language)
offering link: https://en.wikipedia.org/wiki/C_Sharp_(programming_language)
a
a
href: /wiki/Type_system
offering link: https://en.wikipedia.org/wiki/Type_system
a
a
href: /wiki/Software_bug
offering link: https://en.wikipedia.org/wiki/Software_bug
a
href: /wiki/Debugging
offering link: https://en.wikipedia.org/wiki/Debugging
a
href: /wiki/Lisp_(programming_language)
offering link: https://en.wikipedia.org/wiki/Lisp_(programming_language)
a
href: /wiki/Smalltalk
offering link: https://en.wikipedia.org/wiki/Smalltalk
a
href: /wiki/Perl
offering link: https://en.wikipedia.org/wiki/Perl
a
href: /wiki/Python_(programming_language)
offering link: https://en.wikipedia.org/wiki/Python_(programming_language)
a
href: /wiki/JavaScript
offering link: https://en.wikipedia.org/wiki/JavaScript
a
href: /wiki/Ruby_(programming_language)
offering link: https://en.wikipedia.org/wiki/Ruby_(programming_language)
a
href: /wiki/Weak_typing
offering link: https://en.wikipedia.org/wiki/Weak_typing
a
href: /wiki/String_(computer_science)
offering link: https://en.wikipedia.org/wiki/String_(computer_science)
a
a
href: /wiki/Compile_time
offering link: https://en.wikipedia.org/wiki/Compile_time
a
href: /wiki/Run_time_(program_lifecycle_phase)
offering link: https://en.wikipedia.org/wiki/Run_time_(program_lifecycle_phase)
a
href: /wiki/Strongly_typed_programming_language
offering link: https://en.wikipedia.org/wiki/Strongly_typed_programming_language
a
a
href: /wiki/Type_safety
offering link: https://en.wikipedia.org/wiki/Type_safety
a
href: /wiki/Perl
offering link: https://en.wikipedia.org/wiki/Perl
a
href: /wiki/JavaScript
offering link: https://en.wikipedia.org/wiki/JavaScript
a
href: /wiki/C_(programming_language)
offering link: https://en.wikipedia.org/wiki/C_(programming_language)
a
a
a
href: /wiki/Library_(computing)
offering link: https://en.wikipedia.org/wiki/Library_(computing)
a
href: /wiki/Java_(programming_language)
offering link: https://en.wikipedia.org/wiki/Java_(programming_language)
a
href: /wiki/Smalltalk
offering link: https://en.wikipedia.org/wiki/Smalltalk
a
href: /wiki/Anonymous_function
offering link: https://en.wikipedia.org/wiki/Anonymous_function
a
href: /wiki/Scheme_(programming_language)
offering link: https://en.wikipedia.org/wiki/Scheme_(programming_language)
a
a
a
a
href: /wiki/Constructed_languages
offering link: https://en.wikipedia.org/wiki/Constructed_languages
a
a
href: /wiki/Abstraction_(computer_science)
offering link: https://en.wikipedia.org/wiki/Abstraction_(computer_science)
a
a
href: /wiki/Natural_language_programming
offering link: https://en.wikipedia.org/wiki/Natural_language_programming
a
href: /wiki/Edsger_W._Dijkstra
offering link: https://en.wikipedia.org/wiki/Edsger_W._Dijkstra
a
href: /wiki/Natural_language_programming
offering link: https://en.wikipedia.org/wiki/Natural_language_programming
a
a
href: /wiki/Alan_Perlis
offering link: https://en.wikipedia.org/wiki/Alan_Perlis
a
a
href: /wiki/Structured_English
offering link: https://en.wikipedia.org/wiki/Structured_English
a
href: /wiki/SQL
offering link: https://en.wikipedia.org/wiki/SQL
a
href: /wiki/Programmer
offering link: https://en.wikipedia.org/wiki/Programmer
a
href: /wiki/Programming_language_implementation
offering link: https://en.wikipedia.org/wiki/Programming_language_implementation
a
href: /wiki/Source_code
offering link: https://en.wikipedia.org/wiki/Source_code
a
href: /wiki/Computer_program
offering link: https://en.wikipedia.org/wiki/Computer_program
a
href: /wiki/Compiler
offering link: https://en.wikipedia.org/wiki/Compiler
a
href: /wiki/Interpreter_(computing)
offering link: https://en.wikipedia.org/wiki/Interpreter_(computing)
a
href: /wiki/Compiler
offering link: https://en.wikipedia.org/wiki/Compiler
a
href: /wiki/BASIC
offering link: https://en.wikipedia.org/wiki/BASIC
a
href: /wiki/Wikipedia:Citation_needed
offering link: https://en.wikipedia.org/wiki/Wikipedia:Citation_needed
a
href: /wiki/Just-in-time_compilation
offering link: https://en.wikipedia.org/wiki/Just-in-time_compilation
a
href: /wiki/Virtual_machine
offering link: https://en.wikipedia.org/wiki/Virtual_machine
a
href: /wiki/Bytecode
offering link: https://en.wikipedia.org/wiki/Bytecode
a
href: /wiki/Domain_specific_language
offering link: https://en.wikipedia.org/wiki/Domain_specific_language
a
href: /wiki/Scripting_language
offering link: https://en.wikipedia.org/wiki/Scripting_language
a
href: /wiki/Oracle_Corporation
offering link: https://en.wikipedia.org/wiki/Oracle_Corporation
a
href: /wiki/Java_programming_language
offering link: https://en.wikipedia.org/wiki/Java_programming_language
a
href: /wiki/Microsoft
offering link: https://en.wikipedia.org/wiki/Microsoft
a
href: /wiki/C_Sharp_(programming_language)
offering link: https://en.wikipedia.org/wiki/C_Sharp_(programming_language)
a
href: /wiki/Common_Language_Runtime
offering link: https://en.wikipedia.org/wiki/Common_Language_Runtime
a
href: /wiki/MATLAB
offering link: https://en.wikipedia.org/wiki/MATLAB
a
href: /wiki/VBScript
offering link: https://en.wikipedia.org/wiki/VBScript
a
href: /wiki/Erlang_(programming_language)
offering link: https://en.wikipedia.org/wiki/Erlang_(programming_language)
a
a
a
href: /wiki/Pseudocode
offering link: https://en.wikipedia.org/wiki/Pseudocode
a
href: /wiki/Programmer
offering link: https://en.wikipedia.org/wiki/Programmer
a
href: /wiki/Abstraction_(computer_science)
offering link: https://en.wikipedia.org/wiki/Abstraction_(computer_science)
a
href: /wiki/Language_primitive
offering link: https://en.wikipedia.org/wiki/Language_primitive
a
a
href: /wiki/Computer_Programming
offering link: https://en.wikipedia.org/wiki/Computer_Programming
a
href: /wiki/Execution_(computing)
offering link: https://en.wikipedia.org/wiki/Execution_(computing)
a
href: /wiki/Batch_processing
offering link: https://en.wikipedia.org/wiki/Batch_processing
a
href: /wiki/Command_(computing)
offering link: https://en.wikipedia.org/wiki/Command_(computing)
a
href: /wiki/Session_(computer_science)
offering link: https://en.wikipedia.org/wiki/Session_(computer_science)
a
href: /wiki/Interpreter_(computing)
offering link: https://en.wikipedia.org/wiki/Interpreter_(computing)
a
href: /wiki/Unix_shell
offering link: https://en.wikipedia.org/wiki/Unix_shell
a
href: /wiki/Command-line_interface
offering link: https://en.wikipedia.org/wiki/Command-line_interface
a
href: /wiki/Scripting_language
offering link: https://en.wikipedia.org/wiki/Scripting_language
a
a
href: /wiki/COBOL
offering link: https://en.wikipedia.org/wiki/COBOL
a
href: /wiki/Mainframe_computer
offering link: https://en.wikipedia.org/wiki/Mainframe_computer
a
a
a
href: /wiki/Fortran
offering link: https://en.wikipedia.org/wiki/Fortran
a
href: /wiki/Ada_(programming_language)
offering link: https://en.wikipedia.org/wiki/Ada_(programming_language)
a
href: /wiki/C_(programming_language)
offering link: https://en.wikipedia.org/wiki/C_(programming_language)
a
href: /wiki/C_(programming_language)
offering link: https://en.wikipedia.org/wiki/C_(programming_language)
a
href: /wiki/Java_(programming_language)
offering link: https://en.wikipedia.org/wiki/Java_(programming_language)
a
href: /wiki/PHP
offering link: https://en.wikipedia.org/wiki/PHP
a
href: /wiki/JavaScript
offering link: https://en.wikipedia.org/wiki/JavaScript
a
href: /wiki/C%2B%2B
offering link: https://en.wikipedia.org/wiki/C%2B%2B
a
href: /wiki/Python_(programming_language)
offering link: https://en.wikipedia.org/wiki/Python_(programming_language)
a
href: /wiki/Shell_script
offering link: https://en.wikipedia.org/wiki/Shell_script
a
href: /wiki/Ruby_(programming_language)
offering link: https://en.wikipedia.org/wiki/Ruby_(programming_language)
a
href: /wiki/Objective-C
offering link: https://en.wikipedia.org/wiki/Objective-C
a
href: /wiki/C_Sharp_(programming_language)
offering link: https://en.wikipedia.org/wiki/C_Sharp_(programming_language)
a
a
href: /wiki/Thread_(computer_science)
offering link: https://en.wikipedia.org/wiki/Thread_(computer_science)
a
href: /wiki/Python_(programming_language)
offering link: https://en.wikipedia.org/wiki/Python_(programming_language)
a
href: /wiki/Scripting_language
offering link: https://en.wikipedia.org/wiki/Scripting_language
a
href: /wiki/Programming_paradigm
offering link: https://en.wikipedia.org/wiki/Programming_paradigm
a
href: /wiki/General-purpose_programming_language
offering link: https://en.wikipedia.org/wiki/General-purpose_programming_language
a
href: /wiki/Domain-specific_programming_language
offering link: https://en.wikipedia.org/wiki/Domain-specific_programming_language
a
href: /wiki/Imperative_programming
offering link: https://en.wikipedia.org/wiki/Imperative_programming
a
href: /wiki/Declarative_programming
offering link: https://en.wikipedia.org/wiki/Declarative_programming
a
a
href: /wiki/Procedural_programming
offering link: https://en.wikipedia.org/wiki/Procedural_programming
a
href: /wiki/Object-oriented_programming
offering link: https://en.wikipedia.org/wiki/Object-oriented_programming
a
href: /wiki/Functional_programming
offering link: https://en.wikipedia.org/wiki/Functional_programming
a
href: /wiki/Logic_programming
offering link: https://en.wikipedia.org/wiki/Logic_programming
a
href: /wiki/Assembly_language
offering link: https://en.wikipedia.org/wiki/Assembly_language
a
href: /wiki/System_programming_language
offering link: https://en.wikipedia.org/wiki/System_programming_language
a
a
a
href: /wiki/English_language
offering link: https://en.wikipedia.org/wiki/English_language
a
href: /wiki/Non-English-based_programming_languages
offering link: https://en.wikipedia.org/wiki/Non-English-based_programming_languages
a
href: /wiki/Esoteric_programming_language
offering link: https://en.wikipedia.org/wiki/Esoteric_programming_language
**** reading url: https://en.wikipedia.org/wiki/Concurrent_computing
Indexing https://en.wikipedia.org/wiki/Concurrent_computing
a
href: /wiki/Computing
offering link: https://en.wikipedia.org/wiki/Computing
a
href: /wiki/Computation
offering link: https://en.wikipedia.org/wiki/Computation
a
href: /wiki/Concurrency_(computer_science)
offering link: https://en.wikipedia.org/wiki/Concurrency_(computer_science)
a
href: /wiki/Computer_program
offering link: https://en.wikipedia.org/wiki/Computer_program
a
href: /wiki/Computer
offering link: https://en.wikipedia.org/wiki/Computer
a
href: /wiki/Computer_network
offering link: https://en.wikipedia.org/wiki/Computer_network
a
a
href: /wiki/Programming_paradigm
offering link: https://en.wikipedia.org/wiki/Programming_paradigm
a
href: /wiki/Modular_programming
offering link: https://en.wikipedia.org/wiki/Modular_programming
a
href: /wiki/Decomposition_(computer_science)
offering link: https://en.wikipedia.org/wiki/Decomposition_(computer_science)
a
href: /wiki/Edsger_Dijkstra
offering link: https://en.wikipedia.org/wiki/Edsger_Dijkstra
a
href: /wiki/Per_Brinch_Hansen
offering link: https://en.wikipedia.org/wiki/Per_Brinch_Hansen
a
href: /wiki/C.A.R._Hoare
offering link: https://en.wikipedia.org/wiki/C.A.R._Hoare
a
href: /wiki/Parallel_computing
offering link: https://en.wikipedia.org/wiki/Parallel_computing
a
a
a
href: /wiki/Central_processing_unit
offering link: https://en.wikipedia.org/wiki/Central_processing_unit
a
href: /wiki/Multi-processor
offering link: https://en.wikipedia.org/wiki/Multi-processor
a
href: /wiki/Multi-core_processor
offering link: https://en.wikipedia.org/wiki/Multi-core_processor
a
a
a
href: /wiki/Time-sharing
offering link: https://en.wikipedia.org/wiki/Time-sharing
a
a
a
href: /wiki/Distributed_computing
offering link: https://en.wikipedia.org/wiki/Distributed_computing
a
href: /wiki/Schedule_(computer_science)
offering link: https://en.wikipedia.org/wiki/Schedule_(computer_science)
a
a
href: /wiki/Serializability
offering link: https://en.wikipedia.org/wiki/Serializability
a
href: /wiki/Concurrency_control
offering link: https://en.wikipedia.org/wiki/Concurrency_control
a
href: /wiki/Concurrency_control
offering link: https://en.wikipedia.org/wiki/Concurrency_control
a
a
href: /wiki/Race_condition#Software
offering link: https://en.wikipedia.org/wiki/Race_condition#Software
a
href: /wiki/Deadlock
offering link: https://en.wikipedia.org/wiki/Deadlock
a
href: /wiki/Resource_starvation
offering link: https://en.wikipedia.org/wiki/Resource_starvation
a
href: /wiki/Concurrency_control
offering link: https://en.wikipedia.org/wiki/Concurrency_control
a
href: /wiki/Non-blocking_algorithm
offering link: https://en.wikipedia.org/wiki/Non-blocking_algorithm
a
href: /wiki/Metastability_in_electronics
offering link: https://en.wikipedia.org/wiki/Metastability_in_electronics
a
href: /wiki/Deadlock
offering link: https://en.wikipedia.org/wiki/Deadlock
a
href: /wiki/Process_(computer_science)
offering link: https://en.wikipedia.org/wiki/Process_(computer_science)
a
href: /wiki/Thread_(computer_science)
offering link: https://en.wikipedia.org/wiki/Thread_(computer_science)
a
href: /wiki/Future_(programming)
offering link: https://en.wikipedia.org/wiki/Future_(programming)
a
href: /wiki/Telegraphy
offering link: https://en.wikipedia.org/wiki/Telegraphy
a
href: /wiki/Time-division_multiplexing
offering link: https://en.wikipedia.org/wiki/Time-division_multiplexing
a
a
href: /wiki/Mutual_exclusion
offering link: https://en.wikipedia.org/wiki/Mutual_exclusion
a
a
href: /wiki/Programming_languages
offering link: https://en.wikipedia.org/wiki/Programming_languages
a
href: /wiki/Concurrency_(computer_science)
offering link: https://en.wikipedia.org/wiki/Concurrency_(computer_science)
a
href: /wiki/Thread_(computer_science)
offering link: https://en.wikipedia.org/wiki/Thread_(computer_science)
a
href: /wiki/Distributed_computing
offering link: https://en.wikipedia.org/wiki/Distributed_computing
a
href: /wiki/Message_passing_programming
offering link: https://en.wikipedia.org/wiki/Message_passing_programming
a
href: /wiki/Sharing
offering link: https://en.wikipedia.org/wiki/Sharing
a
href: /wiki/Parallel_Random_Access_Machine
offering link: https://en.wikipedia.org/wiki/Parallel_Random_Access_Machine
a
href: /wiki/Futures_and_promises
offering link: https://en.wikipedia.org/wiki/Futures_and_promises
a
a
href: /wiki/Java_(programming_language)
offering link: https://en.wikipedia.org/wiki/Java_(programming_language)
a
href: /wiki/C_Sharp_(programming_language)
offering link: https://en.wikipedia.org/wiki/C_Sharp_(programming_language)
a
href: /wiki/Monitor_(synchronization)
offering link: https://en.wikipedia.org/wiki/Monitor_(synchronization)
a
href: /wiki/Erlang_(programming_language)
offering link: https://en.wikipedia.org/wiki/Erlang_(programming_language)
a
href: /wiki/Wikipedia:Citation_needed
offering link: https://en.wikipedia.org/wiki/Wikipedia:Citation_needed
a
href: /wiki/Pict_(programming_language)
offering link: https://en.wikipedia.org/wiki/Pict_(programming_language)
a
href: /wiki/Erlang_(programming_language)
offering link: https://en.wikipedia.org/wiki/Erlang_(programming_language)
a
href: /wiki/Limbo_(programming_language)
offering link: https://en.wikipedia.org/wiki/Limbo_(programming_language)
a
href: /wiki/Occam_(programming_language)
offering link: https://en.wikipedia.org/wiki/Occam_(programming_language)
]]></system-out>
  <system-err><![CDATA[]]></system-err>
</testsuite>
